# JRE version: OpenJDK Runtime Environment (8.0_162-b12) (build 1.8.0_162-b12)
# Java VM: OpenJDK 64-Bit Server VM (25.162-b12 mixed mode linux-amd64 compressed oops)
Heap:
 garbage-first heap   total 262144K, used 136283K [0x00000000c0000000, 0x00000000c0100800, 0x0000000100000000)
  region size 1024K, 69 young (70656K), 10 survivors (10240K)
 Metaspace       used 104058K, capacity 114512K, committed 114660K, reserved 1148928K
  class space    used 12584K, capacity 15473K, committed 15588K, reserved 1048576K
GC Heap History (10 events):
Event: 75.956 GC heap before
{Heap before GC invocations=28 (full 3):
 garbage-first heap   total 262144K, used 211828K [0x00000000c0000000, 0x00000000c0100800, 0x0000000100000000)
  region size 1024K, 151 young (154624K), 15 survivors (15360K)
 Metaspace       used 99740K, capacity 110064K, committed 110308K, reserved 1144832K
  class space    used 12102K, capacity 14981K, committed 15076K, reserved 1048576K
Event: 75.977 GC heap after
Heap after GC invocations=29 (full 3):
 garbage-first heap   total 262144K, used 71540K [0x00000000c0000000, 0x00000000c0100800, 0x0000000100000000)
  region size 1024K, 14 young (14336K), 14 survivors (14336K)
 Metaspace       used 99740K, capacity 110064K, committed 110308K, reserved 1144832K
  class space    used 12102K, capacity 14981K, committed 15076K, reserved 1048576K
}
Event: 105.242 GC heap before
{Heap before GC invocations=29 (full 3):
 garbage-first heap   total 262144K, used 213876K [0x00000000c0000000, 0x00000000c0100800, 0x0000000100000000)
  region size 1024K, 153 young (156672K), 14 survivors (14336K)
 Metaspace       used 101823K, capacity 112034K, committed 112228K, reserved 1146880K
  class space    used 12361K, capacity 15171K, committed 15204K, reserved 1048576K
Event: 105.264 GC heap after
Heap after GC invocations=30 (full 3):
 garbage-first heap   total 262144K, used 71028K [0x00000000c0000000, 0x00000000c0100800, 0x0000000100000000)
  region size 1024K, 14 young (14336K), 14 survivors (14336K)
 Metaspace       used 101823K, capacity 112034K, committed 112228K, reserved 1146880K
  class space    used 12361K, capacity 15171K, committed 15204K, reserved 1048576K
}
Event: 146.178 GC heap before
{Heap before GC invocations=30 (full 3):
 garbage-first heap   total 262144K, used 213364K [0x00000000c0000000, 0x00000000c0100800, 0x0000000100000000)
  region size 1024K, 153 young (156672K), 14 survivors (14336K)
 Metaspace       used 102480K, capacity 112994K, committed 113124K, reserved 1146880K
  class space    used 12398K, capacity 15253K, committed 15332K, reserved 1048576K
Event: 146.201 GC heap after
Heap after GC invocations=31 (full 3):
 garbage-first heap   total 262144K, used 70991K [0x00000000c0000000, 0x00000000c0100800, 0x0000000100000000)
  region size 1024K, 10 young (10240K), 10 survivors (10240K)
 Metaspace       used 102480K, capacity 112994K, committed 113124K, reserved 1146880K
  class space    used 12398K, capacity 15253K, committed 15332K, reserved 1048576K
}
Event: 166.485 GC heap before
{Heap before GC invocations=31 (full 3):
 garbage-first heap   total 262144K, used 217423K [0x00000000c0000000, 0x00000000c0100800, 0x0000000100000000)
  region size 1024K, 153 young (156672K), 10 survivors (10240K)
 Metaspace       used 102778K, capacity 113238K, committed 113380K, reserved 1146880K
  class space    used 12423K, capacity 15325K, committed 15332K, reserved 1048576K
Event: 166.525 GC heap after
Heap after GC invocations=32 (full 3):
 garbage-first heap   total 262144K, used 76111K [0x00000000c0000000, 0x00000000c0100800, 0x0000000100000000)
  region size 1024K, 15 young (15360K), 15 survivors (15360K)
 Metaspace       used 102778K, capacity 113238K, committed 113380K, reserved 1146880K
  class space    used 12423K, capacity 15325K, committed 15332K, reserved 1048576K
}
Event: 175.067 GC heap before
{Heap before GC invocations=32 (full 3):
 garbage-first heap   total 262144K, used 217423K [0x00000000c0000000, 0x00000000c0100800, 0x0000000100000000)
  region size 1024K, 153 young (156672K), 15 survivors (15360K)
 Metaspace       used 102802K, capacity 113302K, committed 113380K, reserved 1146880K
  class space    used 12423K, capacity 15325K, committed 15332K, reserved 1048576K
Event: 175.086 GC heap after
Heap after GC invocations=33 (full 3):
 garbage-first heap   total 262144K, used 76891K [0x00000000c0000000, 0x00000000c0100800, 0x0000000100000000)
  region size 1024K, 10 young (10240K), 10 survivors (10240K)
 Metaspace       used 102802K, capacity 113302K, committed 113380K, reserved 1146880K
  class space    used 12423K, capacity 15325K, committed 15332K, reserved 1048576K
}

